#
# A fatal error has been detected by the Java Runtime Environment:
#
#  SIGSEGV (0xb) at pc=0x000000010ce48f78, pid=18060, tid=0x0000000000004b03
#
# JRE version: Java(TM) SE Runtime Environment (8.0_92-b14) (build 1.8.0_92-b14)
# Java VM: Java HotSpot(TM) 64-Bit Server VM (25.92-b14 mixed mode bsd-amd64 compressed oops)
# Problematic frame:
# V  [libjvm.dylib+0x448f78]
#
# Failed to write core dump. Core dumps have been disabled. To enable core dumping, try "ulimit -c unlimited" before starting Java again
#
# If you would like to submit a bug report, please visit:
#   http://bugreport.java.com/bugreport/crash.jsp
#

---------------  T H R E A D  ---------------

Current thread (0x00007f8018846000):  JavaThread "JDWP Transport Listener: dt_socket" daemon [_thread_in_vm, id=19203, stack(0x0000700009214000,0x0000700009314000)]

siginfo: si_signo: 11 (SIGSEGV), si_code: 0 (unknown), si_addr: 0x0000000000000000

Registers:
RAX=0x0000000000000001, RBX=0x0000700009313a8b, RCX=0x000000010d21a360, RDX=0x0000700009313a8b
RSP=0x00007000093139d0, RBP=0x00007000093139e0, RSI=0x00007f8018846000, RDI=0x00030000003b7972
R8 =0x0000000000000004, R9 =0x0000000000000000, R10=0x0000000000000001, R11=0x0000000000000005
R12=0x00007f8018846000, R13=0x00030000003b7972, R14=0x00030000003b7972, R15=0x00007f8017100000
RIP=0x000000010ce48f78, EFLAGS=0x0000000000010206, ERR=0x0000000000000000
  TRAPNO=0x000000000000000d

Top of Stack: (sp=0x00007000093139d0)
0x00007000093139d0:   0000700009313a8b 0000700009313a8b
0x00007000093139e0:   0000700009313a40 000000010cd57e66
0x00007000093139f0:   00007f8018846000 0000000000000000
0x0000700009313a00:   0000000000000000 0000000000000000
0x0000700009313a10:   00007f8018846000 00007f8018846000
0x0000700009313a20:   0000700009313a8b 0000700009313a90
0x0000700009313a30:   00030000003b7972 0000000000000005
0x0000700009313a40:   0000700009313a60 000000010d9b7780
0x0000700009313a50:   0000000000000001 0000700009313b08
0x0000700009313a60:   0000700009313ad0 000000010d99c1f3
0x0000700009313a70:   0000700009313aa0 00007f8015e247d0
0x0000700009313a80:   0000000600000032 0000000200313b08
0x0000700009313a90:   0000000000000000 0000000000000000
0x0000700009313aa0:   0000000000000000 0000700009313c90
0x0000700009313ab0:   000000010d9bee7a 00007f8017107fa0
0x0000700009313ac0:   0000700009313b08 000000010d9ca598
0x0000700009313ad0:   0000700009313ae0 000000010d99c2ec
0x0000700009313ae0:   0000700009313d00 000000010d9a5898
0x0000700009313af0:   0000222500000013 00000000000f0200
0x0000700009313b00:   00007f8017107fc0 0000700009313c80
0x0000700009313b10:   00007f8000000004 0000700009313b20
0x0000700009313b20:   00007f8000000128 0000700009313b58
0x0000700009313b30:   0000000000000000 0000000000000000
0x0000700009313b40:   0000222500000013 00007f8000002e80
0x0000700009313b50:   0000700009313b58 807f000006000000
0x0000700009313b60:   060000001048c215 00003e74696e693c
0x0000700009313b70:   0000005629280300 7f00000100000000
0x0000700009313b80:   0000001848c21580 0000006e69616d04
0x0000700009313b90:   6176616a4c5b2816 74532f676e616c2f
0x0000700009313ba0:   0056293b676e6972 0009000000000000
0x0000700009313bb0:   002048c215807f00 69614d6f64060000
0x0000700009313bc0:   4c5b28160000006e 6e616c2f6176616a 

Instructions: (pc=0x000000010ce48f78)
0x000000010ce48f58:   40 48 48 85 c0 75 e0 30 c0 0f b6 c0 5d c3 31 c0
0x000000010ce48f68:   5d c3 55 48 89 e5 53 48 83 ec 08 48 85 ff 74 24
0x000000010ce48f78:   48 8b 1f 48 85 db 74 1c 48 83 fb 37 74 16 48 8b
0x000000010ce48f88:   03 48 89 df ff 50 10 84 c0 b8 00 00 00 00 48 0f 

Register to memory mapping:

RAX=0x0000000000000001 is an unknown value
RBX=0x0000700009313a8b is pointing into the stack for thread: 0x00007f8018846000
RCX=0x000000010d21a360: UseMembar+0 in /Library/Java/JavaVirtualMachines/jdk1.8.0_92.jdk/Contents/Home/jre/lib/server/libjvm.dylib at 0x000000010ca00000
RDX=0x0000700009313a8b is pointing into the stack for thread: 0x00007f8018846000
RSP=0x00007000093139d0 is pointing into the stack for thread: 0x00007f8018846000
RBP=0x00007000093139e0 is pointing into the stack for thread: 0x00007f8018846000
RSI=0x00007f8018846000 is a thread
RDI=0x00030000003b7972 is an unknown value
R8 =0x0000000000000004 is an unknown value
R9 =0x0000000000000000 is an unknown value
R10=0x0000000000000001 is an unknown value
R11=0x0000000000000005 is an unknown value
R12=0x00007f8018846000 is a thread
R13=0x00030000003b7972 is an unknown value
R14=0x00030000003b7972 is an unknown value
R15=0x00007f8017100000 is an unknown value


Stack: [0x0000700009214000,0x0000700009314000],  sp=0x00007000093139d0,  free space=1022k
Native frames: (J=compiled Java code, j=interpreted, Vv=VM code, C=native code)
V  [libjvm.dylib+0x448f78]
V  [libjvm.dylib+0x357e66]
C  [libjdwp.dylib+0x20780]  isMethodSynthetic+0x63
C  [libjdwp.dylib+0x51f3]  methods1+0x10b
C  [libjdwp.dylib+0x52ec]  methodsWithGeneric+0xe
C  [libjdwp.dylib+0xe898]  debugLoop_run+0x1ce
C  [libjdwp.dylib+0x1f6ba]  attachThread+0x4d
V  [libjvm.dylib+0x3991cc]
V  [libjvm.dylib+0x564c57]
V  [libjvm.dylib+0x566344]
V  [libjvm.dylib+0x485bbe]
C  [libsystem_pthread.dylib+0x39af]  _pthread_body+0xb4
C  [libsystem_pthread.dylib+0x38fb]  _pthread_body+0x0
C  [libsystem_pthread.dylib+0x3101]  thread_start+0xd
C  0x0000000000000000


---------------  P R O C E S S  ---------------

Java Threads: ( => current thread )
  0x00007f8019801000 JavaThread "Service Thread" daemon [_thread_blocked, id=22787, stack(0x0000700009929000,0x0000700009a29000)]
  0x00007f8017825800 JavaThread "C1 CompilerThread3" daemon [_thread_blocked, id=22275, stack(0x0000700009826000,0x0000700009926000)]
  0x00007f8017824800 JavaThread "C2 CompilerThread2" daemon [_thread_blocked, id=21763, stack(0x0000700009723000,0x0000700009823000)]
  0x00007f8017818000 JavaThread "C2 CompilerThread1" daemon [_thread_blocked, id=21251, stack(0x0000700009620000,0x0000700009720000)]
  0x00007f8017817800 JavaThread "C2 CompilerThread0" daemon [_thread_blocked, id=20739, stack(0x000070000951d000,0x000070000961d000)]
  0x00007f801601c800 JavaThread "JDWP Command Reader" daemon [_thread_in_native, id=20227, stack(0x000070000941a000,0x000070000951a000)]
  0x00007f8016800000 JavaThread "JDWP Event Helper Thread" daemon [_thread_blocked, id=19715, stack(0x0000700009317000,0x0000700009417000)]
=>0x00007f8018846000 JavaThread "JDWP Transport Listener: dt_socket" daemon [_thread_in_vm, id=19203, stack(0x0000700009214000,0x0000700009314000)]
  0x00007f801601b800 JavaThread "Signal Dispatcher" daemon [_thread_blocked, id=18691, stack(0x0000700009111000,0x0000700009211000)]
  0x00007f801600b800 JavaThread "Finalizer" daemon [_thread_blocked, id=14595, stack(0x000070000900e000,0x000070000910e000)]
  0x00007f8016008800 JavaThread "Reference Handler" daemon [_thread_blocked, id=14083, stack(0x0000700008f0b000,0x000070000900b000)]
  0x00007f8016802800 JavaThread "main" [_thread_blocked, id=7171, stack(0x00007000084ed000,0x00007000085ed000)]

Other Threads:
  0x00007f801882e000 VMThread [stack: 0x0000700008e08000,0x0000700008f08000] [id=13571]
  0x00007f801882e800 WatcherThread [stack: 0x0000700009a2c000,0x0000700009b2c000] [id=23299]

VM state:not at safepoint (normal execution)

VM Mutex/Monitor currently owned by a thread: None

Heap:
 PSYoungGen      total 76288K, used 6554K [0x000000076ab00000, 0x0000000770000000, 0x00000007c0000000)
  eden space 65536K, 10% used [0x000000076ab00000,0x000000076b166848,0x000000076eb00000)
  from space 10752K, 0% used [0x000000076f580000,0x000000076f580000,0x0000000770000000)
  to   space 10752K, 0% used [0x000000076eb00000,0x000000076eb00000,0x000000076f580000)
 ParOldGen       total 175104K, used 0K [0x00000006c0000000, 0x00000006cab00000, 0x000000076ab00000)
  object space 175104K, 0% used [0x00000006c0000000,0x00000006c0000000,0x00000006cab00000)
 Metaspace       used 4467K, capacity 4992K, committed 5248K, reserved 1056768K
  class space    used 536K, capacity 560K, committed 640K, reserved 1048576K

Card table byte_map: [0x000000010ddb3000,0x000000010e5b4000] byte_map_base: 0x000000010a7b3000

Marking Bits: (ParMarkBitMap*) 0x000000010d2e8bd0
 Begin Bits: [0x000000011dbbe000, 0x0000000121bbe000)
 End Bits:   [0x0000000121bbe000, 0x0000000125bbe000)

Polling page: 0x000000010b9fa000

CodeCache: size=245760Kb used=1422Kb max_used=1422Kb free=244337Kb
 bounds [0x000000010ebbe000, 0x000000010ee2e000, 0x000000011dbbe000]
 total_blobs=441 nmethods=184 adapters=179
 compilation: enabled

Compilation events (10 events):
Event: 0.725 Thread 0x00007f8017825800  181       3       java.lang.String::equalsIgnoreCase (48 bytes)
Event: 0.726 Thread 0x00007f8017825800 nmethod 181 0x000000010ed20710 code [0x000000010ed20880, 0x000000010ed20be8]
Event: 0.726 Thread 0x00007f8017825800  182       3       java.lang.String::toCharArray (25 bytes)
Event: 0.726 Thread 0x00007f8017825800 nmethod 182 0x000000010ed20d10 code [0x000000010ed20e80, 0x000000010ed21108]
Event: 0.726 Thread 0x00007f8017825800  180       1       java.net.URLStreamHandler::getDefaultPort (2 bytes)
Event: 0.726 Thread 0x00007f8017825800 nmethod 180 0x000000010ed1dad0 code [0x000000010ed1dc20, 0x000000010ed1dd30]
Event: 12.520 Thread 0x00007f8017825800  183       3       java.nio.HeapCharBuffer::ix (7 bytes)
Event: 12.521 Thread 0x00007f8017825800 nmethod 183 0x000000010ed21210 code [0x000000010ed21360, 0x000000010ed214b0]
Event: 12.521 Thread 0x00007f8017825800  184       3       java.nio.CharBuffer::charAt (16 bytes)
Event: 12.521 Thread 0x00007f8017825800 nmethod 184 0x000000010ed21510 code [0x000000010ed216a0, 0x000000010ed21b78]

GC Heap History (0 events):
No events

Deoptimization events (1 events):
Event: 0.705 Thread 0x00007f8016802800 Uncommon trap: reason=unstable_if action=reinterpret pc=0x000000010ed0069c method=java.lang.String.indexOf(II)I @ 49

Internal exceptions (8 events):
Event: 0.042 Thread 0x00007f8016802800 Exception <a 'java/lang/NoSuchMethodError': Method sun.misc.Unsafe.defineClass(Ljava/lang/String;[BII)Ljava/lang/Class; name or signature does not match> (0x000000076ab07cc0) thrown at [/Users/java_re/workspace/8-2-build-macosx-x86_64/jdk8u92/6642/hotspot
Event: 0.042 Thread 0x00007f8016802800 Exception <a 'java/lang/NoSuchMethodError': Method sun.misc.Unsafe.prefetchRead(Ljava/lang/Object;J)V name or signature does not match> (0x000000076ab07fa8) thrown at [/Users/java_re/workspace/8-2-build-macosx-x86_64/jdk8u92/6642/hotspot/src/share/vm/prim
Event: 0.688 Thread 0x00007f8016802800 Exception <a 'java/lang/ArrayIndexOutOfBoundsException'> (0x000000076af4bd00) thrown at [/Users/java_re/workspace/8-2-build-macosx-x86_64/jdk8u92/6642/hotspot/src/share/vm/runtime/sharedRuntime.cpp, line 605]
Event: 0.689 Thread 0x00007f8016802800 Exception <a 'java/lang/ArrayIndexOutOfBoundsException'> (0x000000076af4cc08) thrown at [/Users/java_re/workspace/8-2-build-macosx-x86_64/jdk8u92/6642/hotspot/src/share/vm/runtime/sharedRuntime.cpp, line 605]
Event: 0.692 Thread 0x00007f8016802800 Exception <a 'java/security/PrivilegedActionException'> (0x000000076af67038) thrown at [/Users/java_re/workspace/8-2-build-macosx-x86_64/jdk8u92/6642/hotspot/src/share/vm/prims/jvm.cpp, line 1386]
Event: 0.692 Thread 0x00007f8016802800 Exception <a 'java/security/PrivilegedActionException'> (0x000000076af67248) thrown at [/Users/java_re/workspace/8-2-build-macosx-x86_64/jdk8u92/6642/hotspot/src/share/vm/prims/jvm.cpp, line 1386]
Event: 0.692 Thread 0x00007f8016802800 Exception <a 'java/security/PrivilegedActionException'> (0x000000076af6a4e8) thrown at [/Users/java_re/workspace/8-2-build-macosx-x86_64/jdk8u92/6642/hotspot/src/share/vm/prims/jvm.cpp, line 1386]
Event: 0.692 Thread 0x00007f8016802800 Exception <a 'java/security/PrivilegedActionException'> (0x000000076af6a6f8) thrown at [/Users/java_re/workspace/8-2-build-macosx-x86_64/jdk8u92/6642/hotspot/src/share/vm/prims/jvm.cpp, line 1386]

Events (10 events):
Event: 476.842 Executing VM operation: GetCurrentLocation
Event: 476.842 Executing VM operation: GetCurrentLocation done
Event: 476.842 Executing VM operation: EnterInterpOnlyMode
Event: 476.842 Executing VM operation: EnterInterpOnlyMode done
Event: 476.842 Executing VM operation: ChangeSingleStep
Event: 476.842 Executing VM operation: ChangeSingleStep done
Event: 476.843 Executing VM operation: ChangeSingleStep
Event: 476.843 Executing VM operation: ChangeSingleStep done
Event: 476.852 Executing VM operation: RedefineClasses
Event: 476.865 Executing VM operation: RedefineClasses done


Dynamic libraries:
0x0000000030880000 	/System/Library/Frameworks/Cocoa.framework/Versions/A/Cocoa
0x0000000030880000 	/System/Library/Frameworks/Security.framework/Versions/A/Security
0x0000000030880000 	/System/Library/Frameworks/ApplicationServices.framework/Versions/A/ApplicationServices
0x0000000030880000 	/usr/lib/libz.1.dylib
0x0000000030880000 	/usr/lib/libSystem.B.dylib
0x0000000030880000 	/usr/lib/libobjc.A.dylib
0x0000000030880000 	/System/Library/Frameworks/CoreFoundation.framework/Versions/A/CoreFoundation
0x0000000030880000 	/System/Library/Frameworks/Foundation.framework/Versions/C/Foundation
0x0000000030880000 	/System/Library/Frameworks/AppKit.framework/Versions/C/AppKit
0x0000000030880000 	/System/Library/Frameworks/CoreData.framework/Versions/A/CoreData
0x0000000030880000 	/System/Library/PrivateFrameworks/RemoteViewServices.framework/Versions/A/RemoteViewServices
0x0000000030880000 	/System/Library/PrivateFrameworks/UIFoundation.framework/Versions/A/UIFoundation
0x0000000030880000 	/System/Library/PrivateFrameworks/DFRFoundation.framework/Versions/A/DFRFoundation
0x0000000030880000 	/usr/lib/libenergytrace.dylib
0x0000000030880000 	/System/Library/PrivateFrameworks/SkyLight.framework/Versions/A/SkyLight
0x0000000030880000 	/System/Library/Frameworks/CoreGraphics.framework/Versions/A/CoreGraphics
0x0000000030880000 	/usr/lib/libScreenReader.dylib
0x0000000030880000 	/System/Library/Frameworks/Accelerate.framework/Versions/A/Accelerate
0x0000000030880000 	/System/Library/Frameworks/IOSurface.framework/Versions/A/IOSurface
0x0000000030880000 	/System/Library/Frameworks/AudioToolbox.framework/Versions/A/AudioToolbox
0x0000000030880000 	/System/Library/Frameworks/AudioUnit.framework/Versions/A/AudioUnit
0x0000000030880000 	/System/Library/PrivateFrameworks/DataDetectorsCore.framework/Versions/A/DataDetectorsCore
0x0000000030880000 	/System/Library/PrivateFrameworks/DesktopServicesPriv.framework/Versions/A/DesktopServicesPriv
0x0000000030880000 	/System/Library/Frameworks/Carbon.framework/Versions/A/Frameworks/HIToolbox.framework/Versions/A/HIToolbox
0x0000000030880000 	/usr/lib/libicucore.A.dylib
0x0000000030880000 	/System/Library/Frameworks/QuartzCore.framework/Versions/A/QuartzCore
0x0000000030880000 	/System/Library/Frameworks/Carbon.framework/Versions/A/Frameworks/SpeechRecognition.framework/Versions/A/SpeechRecognition
0x0000000030880000 	/usr/lib/libauto.dylib
0x0000000030880000 	/usr/lib/libxml2.2.dylib
0x0000000030880000 	/System/Library/PrivateFrameworks/CoreUI.framework/Versions/A/CoreUI
0x0000000030880000 	/System/Library/Frameworks/CoreAudio.framework/Versions/A/CoreAudio
0x0000000030880000 	/System/Library/Frameworks/DiskArbitration.framework/Versions/A/DiskArbitration
0x0000000030880000 	/usr/lib/liblangid.dylib
0x0000000030880000 	/System/Library/PrivateFrameworks/MultitouchSupport.framework/Versions/A/MultitouchSupport
0x0000000030880000 	/System/Library/Frameworks/IOKit.framework/Versions/A/IOKit
0x0000000030880000 	/usr/lib/libDiagnosticMessagesClient.dylib
0x0000000030880000 	/System/Library/Frameworks/CoreServices.framework/Versions/A/CoreServices
0x0000000030880000 	/System/Library/PrivateFrameworks/PerformanceAnalysis.framework/Versions/A/PerformanceAnalysis
0x0000000030880000 	/System/Library/PrivateFrameworks/GenerationalStorage.framework/Versions/A/GenerationalStorage
0x0000000030880000 	/System/Library/Frameworks/OpenGL.framework/Versions/A/OpenGL
0x0000000030880000 	/System/Library/Frameworks/CoreImage.framework/Versions/A/CoreImage
0x0000000030880000 	/System/Library/Frameworks/CoreText.framework/Versions/A/CoreText
0x0000000030880000 	/System/Library/Frameworks/ImageIO.framework/Versions/A/ImageIO
0x0000000030880000 	/System/Library/PrivateFrameworks/Backup.framework/Versions/A/Backup
0x0000000030880000 	/usr/lib/libarchive.2.dylib
0x0000000030880000 	/System/Library/Frameworks/CFNetwork.framework/Versions/A/CFNetwork
0x0000000030880000 	/System/Library/Frameworks/SystemConfiguration.framework/Versions/A/SystemConfiguration
0x0000000030880000 	/usr/lib/libCRFSuite.dylib
0x0000000030880000 	/usr/lib/libc++.1.dylib
0x0000000030880000 	/usr/lib/libc++abi.dylib
0x0000000030880000 	/usr/lib/system/libcache.dylib
0x0000000030880000 	/usr/lib/system/libcommonCrypto.dylib
0x0000000030880000 	/usr/lib/system/libcompiler_rt.dylib
0x0000000030880000 	/usr/lib/system/libcopyfile.dylib
0x0000000030880000 	/usr/lib/system/libcorecrypto.dylib
0x0000000030880000 	/usr/lib/system/libdispatch.dylib
0x0000000030880000 	/usr/lib/system/libdyld.dylib
0x0000000030880000 	/usr/lib/system/libkeymgr.dylib
0x0000000030880000 	/usr/lib/system/liblaunch.dylib
0x0000000030880000 	/usr/lib/system/libmacho.dylib
0x0000000030880000 	/usr/lib/system/libquarantine.dylib
0x0000000030880000 	/usr/lib/system/libremovefile.dylib
0x0000000030880000 	/usr/lib/system/libsystem_asl.dylib
0x0000000030880000 	/usr/lib/system/libsystem_blocks.dylib
0x0000000030880000 	/usr/lib/system/libsystem_c.dylib
0x0000000030880000 	/usr/lib/system/libsystem_configuration.dylib
0x0000000030880000 	/usr/lib/system/libsystem_coreservices.dylib
0x0000000030880000 	/usr/lib/system/libsystem_coretls.dylib
0x0000000030880000 	/usr/lib/system/libsystem_dnssd.dylib
0x0000000030880000 	/usr/lib/system/libsystem_info.dylib
0x0000000030880000 	/usr/lib/system/libsystem_kernel.dylib
0x0000000030880000 	/usr/lib/system/libsystem_m.dylib
0x0000000030880000 	/usr/lib/system/libsystem_malloc.dylib
0x0000000030880000 	/usr/lib/system/libsystem_network.dylib
0x0000000030880000 	/usr/lib/system/libsystem_networkextension.dylib
0x0000000030880000 	/usr/lib/system/libsystem_notify.dylib
0x0000000030880000 	/usr/lib/system/libsystem_platform.dylib
0x0000000030880000 	/usr/lib/system/libsystem_pthread.dylib
0x0000000030880000 	/usr/lib/system/libsystem_sandbox.dylib
0x0000000030880000 	/usr/lib/system/libsystem_secinit.dylib
0x0000000030880000 	/usr/lib/system/libsystem_symptoms.dylib
0x0000000030880000 	/usr/lib/system/libsystem_trace.dylib
0x0000000030880000 	/usr/lib/system/libunwind.dylib
0x0000000030880000 	/usr/lib/system/libxpc.dylib
0x0000000030880000 	/usr/lib/libbsm.0.dylib
0x0000000030880000 	/usr/lib/system/libkxld.dylib
0x0000000030880000 	/usr/lib/libcoretls.dylib
0x0000000030880000 	/usr/lib/libcoretls_cfhelpers.dylib
0x0000000030880000 	/usr/lib/libOpenScriptingUtil.dylib
0x0000000030880000 	/usr/lib/libpam.2.dylib
0x0000000030880000 	/usr/lib/libsqlite3.dylib
0x0000000030880000 	/usr/lib/libxar.1.dylib
0x0000000030880000 	/usr/lib/libbz2.1.0.dylib
0x0000000030880000 	/usr/lib/liblzma.5.dylib
0x0000000030880000 	/usr/lib/libnetwork.dylib
0x0000000030880000 	/usr/lib/libpcap.A.dylib
0x0000000030880000 	/System/Library/Frameworks/CoreServices.framework/Versions/A/Frameworks/FSEvents.framework/Versions/A/FSEvents
0x0000000030880000 	/System/Library/Frameworks/CoreServices.framework/Versions/A/Frameworks/CarbonCore.framework/Versions/A/CarbonCore
0x0000000030880000 	/System/Library/Frameworks/CoreServices.framework/Versions/A/Frameworks/Metadata.framework/Versions/A/Metadata
0x0000000030880000 	/System/Library/Frameworks/CoreServices.framework/Versions/A/Frameworks/OSServices.framework/Versions/A/OSServices
0x0000000030880000 	/System/Library/Frameworks/CoreServices.framework/Versions/A/Frameworks/SearchKit.framework/Versions/A/SearchKit
0x0000000030880000 	/System/Library/Frameworks/CoreServices.framework/Versions/A/Frameworks/AE.framework/Versions/A/AE
0x0000000030880000 	/System/Library/Frameworks/CoreServices.framework/Versions/A/Frameworks/LaunchServices.framework/Versions/A/LaunchServices
0x0000000030880000 	/System/Library/Frameworks/CoreServices.framework/Versions/A/Frameworks/DictionaryServices.framework/Versions/A/DictionaryServices
0x0000000030880000 	/System/Library/Frameworks/CoreServices.framework/Versions/A/Frameworks/SharedFileList.framework/Versions/A/SharedFileList
0x0000000030880000 	/System/Library/Frameworks/NetFS.framework/Versions/A/NetFS
0x0000000030880000 	/System/Library/PrivateFrameworks/NetAuth.framework/Versions/A/NetAuth
0x0000000030880000 	/System/Library/PrivateFrameworks/login.framework/Versions/A/Frameworks/loginsupport.framework/Versions/A/loginsupport
0x0000000030880000 	/System/Library/PrivateFrameworks/TCC.framework/Versions/A/TCC
0x0000000030880000 	/usr/lib/libmecabra.dylib
0x0000000030880000 	/System/Library/Frameworks/ApplicationServices.framework/Versions/A/Frameworks/ATS.framework/Versions/A/ATS
0x0000000030880000 	/System/Library/Frameworks/ApplicationServices.framework/Versions/A/Frameworks/ColorSync.framework/Versions/A/ColorSync
0x0000000030880000 	/System/Library/Frameworks/ApplicationServices.framework/Versions/A/Frameworks/HIServices.framework/Versions/A/HIServices
0x0000000030880000 	/System/Library/Frameworks/ApplicationServices.framework/Versions/A/Frameworks/LangAnalysis.framework/Versions/A/LangAnalysis
0x0000000030880000 	/System/Library/Frameworks/ApplicationServices.framework/Versions/A/Frameworks/PrintCore.framework/Versions/A/PrintCore
0x0000000030880000 	/System/Library/Frameworks/ApplicationServices.framework/Versions/A/Frameworks/QD.framework/Versions/A/QD
0x0000000030880000 	/System/Library/Frameworks/ApplicationServices.framework/Versions/A/Frameworks/SpeechSynthesis.framework/Versions/A/SpeechSynthesis
0x0000000030880000 	/System/Library/Frameworks/Accelerate.framework/Versions/A/Frameworks/vImage.framework/Versions/A/vImage
0x0000000030880000 	/System/Library/Frameworks/Accelerate.framework/Versions/A/Frameworks/vecLib.framework/Versions/A/vecLib
0x0000000030880000 	/System/Library/Frameworks/Accelerate.framework/Versions/A/Frameworks/vecLib.framework/Versions/A/libvDSP.dylib
0x0000000030880000 	/System/Library/Frameworks/Accelerate.framework/Versions/A/Frameworks/vecLib.framework/Versions/A/libBNNS.dylib
0x0000000030880000 	/System/Library/Frameworks/Accelerate.framework/Versions/A/Frameworks/vecLib.framework/Versions/A/libQuadrature.dylib
0x0000000030880000 	/System/Library/Frameworks/Accelerate.framework/Versions/A/Frameworks/vecLib.framework/Versions/A/libvMisc.dylib
0x0000000030880000 	/System/Library/Frameworks/Accelerate.framework/Versions/A/Frameworks/vecLib.framework/Versions/A/libLAPACK.dylib
0x0000000030880000 	/System/Library/Frameworks/Accelerate.framework/Versions/A/Frameworks/vecLib.framework/Versions/A/libBLAS.dylib
0x0000000030880000 	/System/Library/Frameworks/Accelerate.framework/Versions/A/Frameworks/vecLib.framework/Versions/A/libLinearAlgebra.dylib
0x0000000030880000 	/System/Library/Frameworks/Accelerate.framework/Versions/A/Frameworks/vecLib.framework/Versions/A/libSparseBLAS.dylib
0x0000000030880000 	/System/Library/Frameworks/ApplicationServices.framework/Versions/A/Frameworks/ATS.framework/Versions/A/Resources/libFontParser.dylib
0x0000000030880000 	/System/Library/Frameworks/ApplicationServices.framework/Versions/A/Frameworks/ATS.framework/Versions/A/Resources/libFontRegistry.dylib
0x0000000030880000 	/System/Library/Frameworks/ImageIO.framework/Versions/A/Resources/libJPEG.dylib
0x0000000030880000 	/System/Library/Frameworks/ImageIO.framework/Versions/A/Resources/libTIFF.dylib
0x0000000030880000 	/System/Library/Frameworks/ImageIO.framework/Versions/A/Resources/libPng.dylib
0x0000000030880000 	/System/Library/Frameworks/ImageIO.framework/Versions/A/Resources/libGIF.dylib
0x0000000030880000 	/System/Library/Frameworks/ImageIO.framework/Versions/A/Resources/libJP2.dylib
0x0000000030880000 	/System/Library/Frameworks/ImageIO.framework/Versions/A/Resources/libRadiance.dylib
0x0000000030880000 	/usr/lib/libcompression.dylib
0x0000000030880000 	/System/Library/PrivateFrameworks/AppleJPEG.framework/Versions/A/AppleJPEG
0x0000000030880000 	/usr/lib/libcups.2.dylib
0x0000000030880000 	/System/Library/Frameworks/Kerberos.framework/Versions/A/Kerberos
0x0000000030880000 	/System/Library/Frameworks/GSS.framework/Versions/A/GSS
0x0000000030880000 	/usr/lib/libresolv.9.dylib
0x0000000030880000 	/usr/lib/libiconv.2.dylib
0x0000000030880000 	/System/Library/PrivateFrameworks/Heimdal.framework/Versions/A/Heimdal
0x0000000030880000 	/usr/lib/libheimdal-asn1.dylib
0x0000000030880000 	/System/Library/Frameworks/OpenDirectory.framework/Versions/A/OpenDirectory
0x0000000030880000 	/System/Library/PrivateFrameworks/CommonAuth.framework/Versions/A/CommonAuth
0x0000000030880000 	/System/Library/Frameworks/OpenDirectory.framework/Versions/A/Frameworks/CFOpenDirectory.framework/Versions/A/CFOpenDirectory
0x0000000030880000 	/System/Library/Frameworks/SecurityFoundation.framework/Versions/A/SecurityFoundation
0x0000000030880000 	/System/Library/PrivateFrameworks/LanguageModeling.framework/Versions/A/LanguageModeling
0x0000000030880000 	/usr/lib/libmarisa.dylib
0x0000000030880000 	/usr/lib/libChineseTokenizer.dylib
0x0000000030880000 	/usr/lib/libcmph.dylib
0x0000000030880000 	/System/Library/PrivateFrameworks/CoreEmoji.framework/Versions/A/CoreEmoji
0x0000000030880000 	/System/Library/Frameworks/ServiceManagement.framework/Versions/A/ServiceManagement
0x0000000030880000 	/usr/lib/libxslt.1.dylib
0x0000000030880000 	/System/Library/Frameworks/Carbon.framework/Versions/A/Frameworks/Ink.framework/Versions/A/Ink
0x0000000030880000 	/System/Library/PrivateFrameworks/TextureIO.framework/Versions/A/TextureIO
0x0000000030880000 	/System/Library/Frameworks/Metal.framework/Versions/A/Metal
0x0000000030880000 	/usr/lib/libate.dylib
0x0000000030880000 	/System/Library/PrivateFrameworks/GPUCompiler.framework/libmetal_timestamp.dylib
0x0000000030880000 	/System/Library/Frameworks/OpenGL.framework/Versions/A/Libraries/libCoreFSCache.dylib
0x0000000030880000 	/System/Library/PrivateFrameworks/IOAccelerator.framework/Versions/A/IOAccelerator
0x0000000030880000 	/System/Library/Frameworks/CoreVideo.framework/Versions/A/CoreVideo
0x0000000030880000 	/usr/lib/libFosl_dynamic.dylib
0x0000000030880000 	/System/Library/PrivateFrameworks/MetalPerformanceShaders.framework/Versions/A/MetalPerformanceShaders
0x0000000030880000 	/System/Library/PrivateFrameworks/FaceCore.framework/Versions/A/FaceCore
0x0000000030880000 	/System/Library/Frameworks/OpenCL.framework/Versions/A/OpenCL
0x0000000030880000 	/System/Library/Frameworks/OpenGL.framework/Versions/A/Libraries/libGLU.dylib
0x0000000030880000 	/System/Library/Frameworks/OpenGL.framework/Versions/A/Libraries/libGFXShared.dylib
0x0000000030880000 	/System/Library/Frameworks/OpenGL.framework/Versions/A/Libraries/libGL.dylib
0x0000000030880000 	/System/Library/Frameworks/OpenGL.framework/Versions/A/Libraries/libGLImage.dylib
0x0000000030880000 	/System/Library/Frameworks/OpenGL.framework/Versions/A/Libraries/libCVMSPluginSupport.dylib
0x0000000030880000 	/System/Library/Frameworks/OpenGL.framework/Versions/A/Libraries/libCoreVMClient.dylib
0x0000000030880000 	/System/Library/PrivateFrameworks/CrashReporterSupport.framework/Versions/A/CrashReporterSupport
0x0000000030880000 	/System/Library/PrivateFrameworks/Sharing.framework/Versions/A/Sharing
0x0000000030880000 	/System/Library/PrivateFrameworks/IconServices.framework/Versions/A/IconServices
0x0000000030880000 	/System/Library/PrivateFrameworks/ProtocolBuffer.framework/Versions/A/ProtocolBuffer
0x0000000030880000 	/System/Library/PrivateFrameworks/Apple80211.framework/Versions/A/Apple80211
0x0000000030880000 	/System/Library/Frameworks/CoreWLAN.framework/Versions/A/CoreWLAN
0x0000000030880000 	/System/Library/PrivateFrameworks/CoreUtils.framework/Versions/A/CoreUtils
0x0000000030880000 	/System/Library/Frameworks/IOBluetooth.framework/Versions/A/IOBluetooth
0x0000000030880000 	/System/Library/PrivateFrameworks/CoreWiFi.framework/Versions/A/CoreWiFi
0x0000000030880000 	/System/Library/Frameworks/CoreBluetooth.framework/Versions/A/CoreBluetooth
0x0000000030880000 	/System/Library/Frameworks/CoreDisplay.framework/Versions/A/CoreDisplay
0x0000000030880000 	/System/Library/PrivateFrameworks/IOPresentment.framework/Versions/A/IOPresentment
0x0000000030880000 	/System/Library/PrivateFrameworks/DSExternalDisplay.framework/Versions/A/DSExternalDisplay
0x0000000030880000 	/System/Library/PrivateFrameworks/DebugSymbols.framework/Versions/A/DebugSymbols
0x0000000030880000 	/System/Library/PrivateFrameworks/CoreSymbolication.framework/Versions/A/CoreSymbolication
0x0000000030880000 	/System/Library/PrivateFrameworks/Symbolication.framework/Versions/A/Symbolication
0x0000000030880000 	/System/Library/PrivateFrameworks/AppleFSCompression.framework/Versions/A/AppleFSCompression
0x0000000030880000 	/System/Library/PrivateFrameworks/SpeechRecognitionCore.framework/Versions/A/SpeechRecognitionCore
0x0000000030880000 	/System/Library/PrivateFrameworks/ChunkingLibrary.framework/Versions/A/ChunkingLibrary
0x000000010ca00000 	/Library/Java/JavaVirtualMachines/jdk1.8.0_92.jdk/Contents/Home/jre/lib/server/libjvm.dylib
0x000000010b8fe000 	/usr/lib/libstdc++.6.dylib
0x000000010b9b7000 	/Library/Java/JavaVirtualMachines/jdk1.8.0_92.jdk/Contents/Home/jre/lib/libverify.dylib
0x000000010b9c5000 	/Library/Java/JavaVirtualMachines/jdk1.8.0_92.jdk/Contents/Home/jre/lib/libjava.dylib
0x000000010d997000 	/Library/Java/JavaVirtualMachines/jdk1.8.0_92.jdk/Contents/Home/jre/lib/libjdwp.dylib
0x000000010b9fb000 	/Library/Java/JavaVirtualMachines/jdk1.8.0_92.jdk/Contents/Home/jre/lib/libnpt.dylib
0x000000010d9ea000 	/Library/Java/JavaVirtualMachines/jdk1.8.0_92.jdk/Contents/Home/jre/lib/libzip.dylib
0x0000000128b34000 	/System/Library/Frameworks/JavaVM.framework/Frameworks/JavaRuntimeSupport.framework/JavaRuntimeSupport
0x0000000128b4e000 	/System/Library/Frameworks/JavaVM.framework/Versions/A/Frameworks/JavaNativeFoundation.framework/Versions/A/JavaNativeFoundation
0x0000000128b63000 	/System/Library/Frameworks/JavaVM.framework/Versions/A/JavaVM
0x0000000030880000 	/System/Library/Frameworks/Carbon.framework/Versions/A/Carbon
0x0000000128b70000 	/System/Library/PrivateFrameworks/JavaLaunching.framework/Versions/A/JavaLaunching
0x0000000030880000 	/System/Library/Frameworks/Carbon.framework/Versions/A/Frameworks/CommonPanels.framework/Versions/A/CommonPanels
0x0000000030880000 	/System/Library/Frameworks/Carbon.framework/Versions/A/Frameworks/Help.framework/Versions/A/Help
0x0000000030880000 	/System/Library/Frameworks/Carbon.framework/Versions/A/Frameworks/ImageCapture.framework/Versions/A/ImageCapture
0x0000000030880000 	/System/Library/Frameworks/Carbon.framework/Versions/A/Frameworks/OpenScripting.framework/Versions/A/OpenScripting
0x0000000030880000 	/System/Library/Frameworks/Carbon.framework/Versions/A/Frameworks/Print.framework/Versions/A/Print
0x0000000030880000 	/System/Library/Frameworks/Carbon.framework/Versions/A/Frameworks/SecurityHI.framework/Versions/A/SecurityHI
0x000000012a47d000 	/Library/Java/JavaVirtualMachines/jdk1.8.0_92.jdk/Contents/Home/jre/lib/libdt_socket.dylib
0x000000012a548000 	/Library/Java/JavaVirtualMachines/jdk1.8.0_92.jdk/Contents/Home/jre/lib/libnet.dylib
0x000000012a5a7000 	/Library/Java/JavaVirtualMachines/jdk1.8.0_92.jdk/Contents/Home/jre/lib/libnio.dylib

VM Arguments:
jvm_args: -agentlib:jdwp=transport=dt_socket,suspend=y,address=localhost:59435 -Dfile.encoding=UTF-8 
java_command: au.com.crowtech.App
java_class_path (initial): /Users/acrow/crowtech/fxcalculator/target/classes:/Users/acrow/.m2/repository/args4j/args4j/2.33/args4j-2.33.jar:/Users/acrow/.m2/repository/org/apache/logging/log4j/log4j-core/2.5/log4j-core-2.5.jar:/Users/acrow/.m2/repository/org/apache/logging/log4j/log4j-api/2.5/log4j-api-2.5.jar:/Users/acrow/.m2/repository/es/usc/citius/hipster/hipster-all/1.0.1/hipster-all-1.0.1.jar:/Users/acrow/.m2/repository/es/usc/citius/hipster/hipster-core/1.0.1/hipster-core-1.0.1.jar:/Users/acrow/.m2/repository/es/usc/citius/hipster/hipster-examples/1.0.1/hipster-examples-1.0.1.jar:/Users/acrow/.m2/repository/es/usc/citius/hipster/hipster-third-party-graphs/1.0.1/hipster-third-party-graphs-1.0.1.jar:/Users/acrow/.m2/repository/com/tinkerpop/blueprints/blueprints-graph-jung/2.4.0/blueprints-graph-jung-2.4.0.jar:/Users/acrow/.m2/repository/net/sf/jung/jung-api/2.0.1/jung-api-2.0.1.jar:/Users/acrow/.m2/repository/net/sf/jung/jung-visualization/2.0.1/jung-visualization-2.0.1.jar:/Users/acrow/.m2/repository/net/sf/jung/jung-graph-impl/2.0.1/jung-graph-impl-2.0.1.jar:/Users/acrow/.m2/repository/net/sourceforge/collections/collections-generic/4.01/collections-generic-4.01.jar:/Users/acrow/.m2/repository/net/sf/jung/jung-algorithms/2.0.1/jung-algorithms-2.0.1.jar:/Users/acrow/.m2/repository/colt/colt/1.2.0/colt-1.2.0.jar:/Users/acrow/.m2/repository/concurrent/concurrent/1.3.4/concurrent-1.3.4.jar:/Users/acrow/.m2/repository/net/sf/jung/jung-io/2.0.1/jung-io-2.0.1.jar:/Users/acrow/.m2/repository/org/codehaus/woodstox/wstx-asl/3.2.6/wstx-asl-3.2.6.jar:/Users/acrow/.m2/repository/com/google/guava/guava/18.0/guava-18.0.jar:/Users/acrow/.m2/repository/com/intellij/forms_rt/7.0.3/forms_rt-7.0.3.jar:/Users/acrow/.m2/repository/asm/asm-commons/3.0/asm-commons-3.0.jar:/Users/acrow/.m2/repository/asm/asm-tree/3.0/asm-tree-3.0.jar:/Users/acrow/.m2/repository/asm/asm/3.0/asm-3.0.jar:/Users/acrow/.m2/repository/com/jgoodies/forms/1.1-preview/forms-1.1-preview.jar:/Users/acrow/.m2
Launcher Type: SUN_STANDARD

Environment Variables:
PATH=/usr/bin:/bin:/usr/sbin:/sbin
SHELL=/bin/bash
DISPLAY=/private/tmp/com.apple.launchd.g5YWrzq4J8/org.macosforge.xquartz:0

Signal Handlers:
SIGSEGV: [libjvm.dylib+0x5aa779], sa_mask[0]=11111111011111110111111111111111, sa_flags=SA_ONSTACK|SA_RESTART|SA_SIGINFO
SIGBUS: [libjvm.dylib+0x5aa779], sa_mask[0]=11111111011111110111111111111111, sa_flags=SA_RESTART|SA_SIGINFO
SIGFPE: [libjvm.dylib+0x4831d0], sa_mask[0]=11111111011111110111111111111111, sa_flags=SA_RESTART|SA_SIGINFO
SIGPIPE: [libjvm.dylib+0x4831d0], sa_mask[0]=11111111011111110111111111111111, sa_flags=SA_RESTART|SA_SIGINFO
SIGXFSZ: [libjvm.dylib+0x4831d0], sa_mask[0]=11111111011111110111111111111111, sa_flags=SA_RESTART|SA_SIGINFO
SIGILL: [libjvm.dylib+0x4831d0], sa_mask[0]=11111111011111110111111111111111, sa_flags=SA_RESTART|SA_SIGINFO
SIGUSR1: SIG_DFL, sa_mask[0]=00000000000000000000000000000000, sa_flags=none
SIGUSR2: [libjvm.dylib+0x482cee], sa_mask[0]=00100000000000000000000000000000, sa_flags=SA_RESTART|SA_SIGINFO
SIGHUP: [libjvm.dylib+0x4812c5], sa_mask[0]=11111111011111110111111111111111, sa_flags=SA_RESTART|SA_SIGINFO
SIGINT: [libjvm.dylib+0x4812c5], sa_mask[0]=11111111011111110111111111111111, sa_flags=SA_RESTART|SA_SIGINFO
SIGTERM: [libjvm.dylib+0x4812c5], sa_mask[0]=11111111011111110111111111111111, sa_flags=SA_RESTART|SA_SIGINFO
SIGQUIT: [libjvm.dylib+0x4812c5], sa_mask[0]=11111111011111110111111111111111, sa_flags=SA_RESTART|SA_SIGINFO


---------------  S Y S T E M  ---------------

OS:Bsduname:Darwin 16.5.0 Darwin Kernel Version 16.5.0: Fri Mar  3 16:52:33 PST 2017; root:xnu-3789.51.2~3/RELEASE_X86_64 x86_64
rlimit: STACK 8192k, CORE 0k, NPROC 709, NOFILE 10240, AS infinity
load average:2.33 3.18 3.43

CPU:total 8 (4 cores per cpu, 2 threads per core) family 6 model 58 stepping 9, cmov, cx8, fxsr, mmx, sse, sse2, sse3, ssse3, sse4.1, sse4.2, popcnt, avx, aes, clmul, erms, ht, tsc, tscinvbit, tscinv

Memory: 4k page, physical 16777216k(15716k free)

/proc/meminfo:


vm_info: Java HotSpot(TM) 64-Bit Server VM (25.92-b14) for bsd-amd64 JRE (1.8.0_92-b14), built on Mar 31 2016 21:23:14 by "java_re" with gcc 4.2.1 (Based on Apple Inc. build 5658) (LLVM build 2336.11.00)

time: Sun May  7 11:45:09 2017
elapsed time: 476 seconds (0d 0h 7m 56s)

